01-Dec-2018 13:07:57.935 INFO [main] org.apache.catalina.startup.VersionLoggerListener.log Server version:        Apache Tomcat/9.0.13
01-Dec-2018 13:07:57.951 INFO [main] org.apache.catalina.startup.VersionLoggerListener.log Server built:          Nov 2 2018 14:27:55 UTC
01-Dec-2018 13:07:57.951 INFO [main] org.apache.catalina.startup.VersionLoggerListener.log Server number:         9.0.13.0
01-Dec-2018 13:07:57.951 INFO [main] org.apache.catalina.startup.VersionLoggerListener.log OS Name:               Windows 10
01-Dec-2018 13:07:57.951 INFO [main] org.apache.catalina.startup.VersionLoggerListener.log OS Version:            10.0
01-Dec-2018 13:07:57.951 INFO [main] org.apache.catalina.startup.VersionLoggerListener.log Architecture:          amd64
01-Dec-2018 13:07:57.951 INFO [main] org.apache.catalina.startup.VersionLoggerListener.log Java Home:             C:\Program Files\Java\jdk1.8.0_171\jre
01-Dec-2018 13:07:57.951 INFO [main] org.apache.catalina.startup.VersionLoggerListener.log JVM Version:           1.8.0_171-b11
01-Dec-2018 13:07:57.951 INFO [main] org.apache.catalina.startup.VersionLoggerListener.log JVM Vendor:            Oracle Corporation
01-Dec-2018 13:07:57.951 INFO [main] org.apache.catalina.startup.VersionLoggerListener.log CATALINA_BASE:         D:\tomcat
01-Dec-2018 13:07:57.951 INFO [main] org.apache.catalina.startup.VersionLoggerListener.log CATALINA_HOME:         D:\tomcat
01-Dec-2018 13:07:57.951 INFO [main] org.apache.catalina.startup.VersionLoggerListener.log Command line argument: -Djava.util.logging.config.file=D:\tomcat\conf\logging.properties
01-Dec-2018 13:07:57.951 INFO [main] org.apache.catalina.startup.VersionLoggerListener.log Command line argument: -Djava.util.logging.manager=org.apache.juli.ClassLoaderLogManager
01-Dec-2018 13:07:57.951 INFO [main] org.apache.catalina.startup.VersionLoggerListener.log Command line argument: -Dhttp.nonProxyHosts=localhost|127.0.0.1|DESKTOP-EMGVI0R
01-Dec-2018 13:07:57.951 INFO [main] org.apache.catalina.startup.VersionLoggerListener.log Command line argument: -Djdk.tls.ephemeralDHKeySize=2048
01-Dec-2018 13:07:57.951 INFO [main] org.apache.catalina.startup.VersionLoggerListener.log Command line argument: -Djava.protocol.handler.pkgs=org.apache.catalina.webresources
01-Dec-2018 13:07:57.951 INFO [main] org.apache.catalina.startup.VersionLoggerListener.log Command line argument: -Dignore.endorsed.dirs=
01-Dec-2018 13:07:57.951 INFO [main] org.apache.catalina.startup.VersionLoggerListener.log Command line argument: -Dcatalina.base=D:\tomcat
01-Dec-2018 13:07:57.951 INFO [main] org.apache.catalina.startup.VersionLoggerListener.log Command line argument: -Dcatalina.home=D:\tomcat
01-Dec-2018 13:07:57.951 INFO [main] org.apache.catalina.startup.VersionLoggerListener.log Command line argument: -Djava.io.tmpdir=D:\tomcat\temp
01-Dec-2018 13:07:57.951 INFO [main] org.apache.catalina.core.AprLifecycleListener.lifecycleEvent Loaded APR based Apache Tomcat Native library [1.2.18] using APR version [1.6.5].
01-Dec-2018 13:07:57.951 INFO [main] org.apache.catalina.core.AprLifecycleListener.lifecycleEvent APR capabilities: IPv6 [true], sendfile [true], accept filters [false], random [true].
01-Dec-2018 13:07:57.951 INFO [main] org.apache.catalina.core.AprLifecycleListener.lifecycleEvent APR/OpenSSL configuration: useAprConnector [false], useOpenSSL [true]
01-Dec-2018 13:07:57.951 INFO [main] org.apache.catalina.core.AprLifecycleListener.initializeSSL OpenSSL successfully initialized [OpenSSL 1.1.1  11 Sep 2018]
01-Dec-2018 13:07:58.967 INFO [main] org.apache.coyote.AbstractProtocol.init Initializing ProtocolHandler ["http-nio-8081"]
01-Dec-2018 13:07:59.232 INFO [main] org.apache.tomcat.util.net.NioSelectorPool.getSharedSelector Using a shared selector for servlet write/read
01-Dec-2018 13:07:59.279 INFO [main] org.apache.coyote.AbstractProtocol.init Initializing ProtocolHandler ["ajp-nio-8009"]
01-Dec-2018 13:07:59.279 INFO [main] org.apache.tomcat.util.net.NioSelectorPool.getSharedSelector Using a shared selector for servlet write/read
01-Dec-2018 13:07:59.279 INFO [main] org.apache.catalina.startup.Catalina.load Initialization processed in 1897 ms
01-Dec-2018 13:07:59.592 INFO [main] org.apache.catalina.core.StandardService.startInternal Starting service [Catalina]
01-Dec-2018 13:07:59.592 INFO [main] org.apache.catalina.core.StandardEngine.startInternal Starting Servlet Engine: Apache Tomcat/9.0.13
01-Dec-2018 13:07:59.607 INFO [main] org.apache.catalina.startup.HostConfig.deployDirectory Deploying web application directory [D:\tomcat\webapps\docs]
01-Dec-2018 13:08:00.592 INFO [main] org.apache.catalina.startup.HostConfig.deployDirectory Deployment of web application directory [D:\tomcat\webapps\docs] has finished in [985] ms
01-Dec-2018 13:08:00.592 INFO [main] org.apache.catalina.startup.HostConfig.deployDirectory Deploying web application directory [D:\tomcat\webapps\examples]
01-Dec-2018 13:08:00.935 INFO [main] org.apache.catalina.startup.HostConfig.deployDirectory Deployment of web application directory [D:\tomcat\webapps\examples] has finished in [343] ms
01-Dec-2018 13:08:00.935 INFO [main] org.apache.catalina.startup.HostConfig.deployDirectory Deploying web application directory [D:\tomcat\webapps\host-manager]
01-Dec-2018 13:08:00.982 INFO [main] org.apache.catalina.startup.HostConfig.deployDirectory Deployment of web application directory [D:\tomcat\webapps\host-manager] has finished in [47] ms
01-Dec-2018 13:08:00.982 INFO [main] org.apache.catalina.startup.HostConfig.deployDirectory Deploying web application directory [D:\tomcat\webapps\manager]
01-Dec-2018 13:08:01.076 INFO [main] org.apache.catalina.startup.HostConfig.deployDirectory Deployment of web application directory [D:\tomcat\webapps\manager] has finished in [94] ms
01-Dec-2018 13:08:01.076 INFO [main] org.apache.catalina.startup.HostConfig.deployDirectory Deploying web application directory [D:\tomcat\webapps\ROOT]
01-Dec-2018 13:08:01.107 INFO [main] org.apache.catalina.startup.HostConfig.deployDirectory Deployment of web application directory [D:\tomcat\webapps\ROOT] has finished in [16] ms
01-Dec-2018 13:08:01.107 INFO [main] org.apache.coyote.AbstractProtocol.start Starting ProtocolHandler ["http-nio-8081"]
01-Dec-2018 13:08:01.123 INFO [main] org.apache.coyote.AbstractProtocol.start Starting ProtocolHandler ["ajp-nio-8009"]
01-Dec-2018 13:08:01.123 INFO [main] org.apache.catalina.startup.Catalina.start Server startup in 1841 ms
01-Dec-2018 13:08:15.096 INFO [http-nio-8081-exec-9] org.apache.catalina.startup.HostConfig.deployDescriptor Deploying deployment descriptor [D:\tomcat\conf\Catalina\localhost\demo.xml]
01-Dec-2018 13:08:15.096 WARNING [http-nio-8081-exec-9] org.apache.catalina.startup.HostConfig.deployDescriptor The path attribute with value [/demo] in deployment descriptor [D:\tomcat\conf\Catalina\localhost\demo.xml] has been ignored
01-Dec-2018 13:08:15.189 INFO [http-nio-8081-exec-9] org.apache.catalina.startup.HostConfig.deployDescriptor Deployment of deployment descriptor [D:\tomcat\conf\Catalina\localhost\demo.xml] has finished in [93] ms
01-Dec-2018 13:08:15.205 INFO [http-nio-8081-exec-1] org.apache.catalina.util.LifecycleBase.start The start() method was called on component [StandardEngine[Catalina].StandardHost[localhost].StandardContext[/demo]] after start() had already been called. The second call will be ignored.
